[debug] [2019-11-07T04:33:23.620Z] ----------------------------------------------------------------------
[debug] [2019-11-07T04:33:23.624Z] Command:       C:\Program Files\nodejs\node.exe C:\Users\Jason\AppData\Roaming\npm\node_modules\firebase-tools\lib\bin\firebase.js init
[debug] [2019-11-07T04:33:23.624Z] CLI Version:   7.6.2
[debug] [2019-11-07T04:33:23.624Z] Platform:      win32
[debug] [2019-11-07T04:33:23.624Z] Node Version:  v13.1.0
[debug] [2019-11-07T04:33:23.625Z] Time:          Wed Nov 06 2019 23:33:23 GMT-0500 (Eastern Standard Time)
[debug] [2019-11-07T04:33:23.625Z] ----------------------------------------------------------------------
[debug] [2019-11-07T04:33:23.625Z] 
[debug] [2019-11-07T04:33:23.646Z] > command requires scopes: ["email","openid","https://www.googleapis.com/auth/cloudplatformprojects.readonly","https://www.googleapis.com/auth/firebase","https://www.googleapis.com/auth/cloud-platform"]
[debug] [2019-11-07T04:33:23.646Z] > authorizing via signed-in user
[info] 
     ######## #### ########  ######## ########     ###     ######  ########
     ##        ##  ##     ## ##       ##     ##  ##   ##  ##       ##
     ######    ##  ########  ######   ########  #########  ######  ######
     ##        ##  ##    ##  ##       ##     ## ##     ##       ## ##
     ##       #### ##     ## ######## ########  ##     ##  ######  ########

You're about to initialize a Firebase project in this directory:

  C:\Users\Jason

Before we get started, keep in mind:

  * You are initializing in an existing Firebase project directory

[info] 
=== Project Setup
[info] 
[info] First, let's associate this project directory with a Firebase project.
[info] You can create multiple project aliases by running firebase use --add, 
[info] but for now we'll just set up a default project.
[info] 
[info] i  .firebaserc already has a default project, using ourreddit-1572579679058.
[debug] [2019-11-07T04:33:29.236Z] > refreshing access token with scopes: ["email","https://www.googleapis.com/auth/cloud-platform","https://www.googleapis.com/auth/cloudplatformprojects.readonly","https://www.googleapis.com/auth/firebase","openid"]
[debug] [2019-11-07T04:33:29.236Z] >>> HTTP REQUEST POST https://www.googleapis.com/oauth2/v3/token  
 <request body omitted>
[debug] [2019-11-07T04:33:29.505Z] <<< HTTP RESPONSE 200
[debug] [2019-11-07T04:33:29.539Z] >>> HTTP REQUEST GET https://firebase.googleapis.com/v1beta1/projects/ourreddit-1572579679058  
 
[debug] [2019-11-07T04:33:29.960Z] <<< HTTP RESPONSE 200
[info] 
=== Database Setup
[info] 
[info] Firebase Realtime Database Rules allow you to define how your data should be
[info] structured and when your data can be read from and written to.
[info] 
